<?xml version="1.0" encoding="UTF-8"?>
<!-- Generated by org.testng.reporters.JUnitReportReporter -->
<testsuite hostname="DESKTOP-FQ8REV2" failures="0" tests="1" name="Tests.RaiseATicketTest" time="17.853" errors="0" timestamp="2025-04-17T18:38:22 IST" skipped="0">
  <testcase classname="Tests.RaiseATicketTest" name="Raise_A_Ticket_Scenario_Personal" time="17.853">
    <system-out>
      <![CDATA[Found the 'Plus' icon. Proceeding to click on it.
Successfully clicked on the 'Plus' icon.
Trying to click on 'Select issue category'...
Failed to click 'Select issue category': An element could not be located on the page using the given search parameters.
For documentation on this error, please visit: https://www.selenium.dev/documentation/webdriver/troubleshooting/errors#no-such-element-exception
Build info: version: '4.31.0', revision: '1ef9f18787*'
System info: os.name: 'Windows 10', os.arch: 'amd64', os.version: '10.0', java.version: '23.0.2'
Driver info: io.appium.java_client.android.AndroidDriver
Command: [b6862f60-059b-418c-a1ab-5433e76bdcd0, findElement {value=Select issue category, using=accessibility id}]
Capabilities {appium:app: C://Users//hp//Downloads//P..., appium:appActivity: com.paycio.MainActivity, appium:appPackage: com.paycio, appium:automationName: UIAutomator2, appium:databaseEnabled: false, appium:desired: {app: C://Users//hp//Downloads//P..., automationName: UIAutomator2, deviceName: OPPO A9 2020, fullReset: false, ignoreHiddenApiPolicyError: true, noReset: true, platformName: ANDROID}, appium:deviceApiLevel: 30, appium:deviceManufacturer: OPPO, appium:deviceModel: CPH1937, appium:deviceName: 7cd884c5, appium:deviceScreenDensity: 320, appium:deviceScreenSize: 720x1600, appium:deviceUDID: 7cd884c5, appium:fullReset: false, appium:ignoreHiddenApiPolicyError: true, appium:javascriptEnabled: true, appium:locationContextEnabled: false, appium:networkConnectionEnabled: true, appium:noReset: true, appium:pixelRatio: 2, appium:platformVersion: 11, appium:statBarHeight: 64, appium:takesScreenshot: true, appium:viewportRect: {height: 1536, left: 0, top: 64, width: 720}, appium:warnings: {}, appium:webStorageEnabled: false, platformName: ANDROID}
Session ID: b6862f60-059b-418c-a1ab-5433e76bdcd0
Attempting to click the 'Deposit issue' icon...
Failed to click 'Deposit issue' icon: An element could not be located on the page using the given search parameters.
For documentation on this error, please visit: https://www.selenium.dev/documentation/webdriver/troubleshooting/errors#no-such-element-exception
Build info: version: '4.31.0', revision: '1ef9f18787*'
System info: os.name: 'Windows 10', os.arch: 'amd64', os.version: '10.0', java.version: '23.0.2'
Driver info: io.appium.java_client.android.AndroidDriver
Command: [b6862f60-059b-418c-a1ab-5433e76bdcd0, findElement {value=//android.view.ViewGroup[@content-desc='Deposit issue']/android.view.ViewGroup/android.widget.ImageView, using=xpath}]
Capabilities {appium:app: C://Users//hp//Downloads//P..., appium:appActivity: com.paycio.MainActivity, appium:appPackage: com.paycio, appium:automationName: UIAutomator2, appium:databaseEnabled: false, appium:desired: {app: C://Users//hp//Downloads//P..., automationName: UIAutomator2, deviceName: OPPO A9 2020, fullReset: false, ignoreHiddenApiPolicyError: true, noReset: true, platformName: ANDROID}, appium:deviceApiLevel: 30, appium:deviceManufacturer: OPPO, appium:deviceModel: CPH1937, appium:deviceName: 7cd884c5, appium:deviceScreenDensity: 320, appium:deviceScreenSize: 720x1600, appium:deviceUDID: 7cd884c5, appium:fullReset: false, appium:ignoreHiddenApiPolicyError: true, appium:javascriptEnabled: true, appium:locationContextEnabled: false, appium:networkConnectionEnabled: true, appium:noReset: true, appium:pixelRatio: 2, appium:platformVersion: 11, appium:statBarHeight: 64, appium:takesScreenshot: true, appium:viewportRect: {height: 1536, left: 0, top: 64, width: 720}, appium:warnings: {}, appium:webStorageEnabled: false, platformName: ANDROID}
Session ID: b6862f60-059b-418c-a1ab-5433e76bdcd0
Attempting to click the 'Confirm' button...
Failed to click 'Confirm' button: An element could not be located on the page using the given search parameters.
For documentation on this error, please visit: https://www.selenium.dev/documentation/webdriver/troubleshooting/errors#no-such-element-exception
Build info: version: '4.31.0', revision: '1ef9f18787*'
System info: os.name: 'Windows 10', os.arch: 'amd64', os.version: '10.0', java.version: '23.0.2'
Driver info: io.appium.java_client.android.AndroidDriver
Command: [b6862f60-059b-418c-a1ab-5433e76bdcd0, findElement {value=//android.widget.TextView[@text='Confirm'], using=xpath}]
Capabilities {appium:app: C://Users//hp//Downloads//P..., appium:appActivity: com.paycio.MainActivity, appium:appPackage: com.paycio, appium:automationName: UIAutomator2, appium:databaseEnabled: false, appium:desired: {app: C://Users//hp//Downloads//P..., automationName: UIAutomator2, deviceName: OPPO A9 2020, fullReset: false, ignoreHiddenApiPolicyError: true, noReset: true, platformName: ANDROID}, appium:deviceApiLevel: 30, appium:deviceManufacturer: OPPO, appium:deviceModel: CPH1937, appium:deviceName: 7cd884c5, appium:deviceScreenDensity: 320, appium:deviceScreenSize: 720x1600, appium:deviceUDID: 7cd884c5, appium:fullReset: false, appium:ignoreHiddenApiPolicyError: true, appium:javascriptEnabled: true, appium:locationContextEnabled: false, appium:networkConnectionEnabled: true, appium:noReset: true, appium:pixelRatio: 2, appium:platformVersion: 11, appium:statBarHeight: 64, appium:takesScreenshot: true, appium:viewportRect: {height: 1536, left: 0, top: 64, width: 720}, appium:warnings: {}, appium:webStorageEnabled: false, platformName: ANDROID}
Session ID: b6862f60-059b-418c-a1ab-5433e76bdcd0
Attempting to enter text into the query field...
Failed to enter text into the query field: An element could not be located on the page using the given search parameters.
For documentation on this error, please visit: https://www.selenium.dev/documentation/webdriver/troubleshooting/errors#no-such-element-exception
Build info: version: '4.31.0', revision: '1ef9f18787*'
System info: os.name: 'Windows 10', os.arch: 'amd64', os.version: '10.0', java.version: '23.0.2'
Driver info: io.appium.java_client.android.AndroidDriver
Command: [b6862f60-059b-418c-a1ab-5433e76bdcd0, findElement {value=//android.widget.EditText[@hint='Enter your query here...'], using=xpath}]
Capabilities {appium:app: C://Users//hp//Downloads//P..., appium:appActivity: com.paycio.MainActivity, appium:appPackage: com.paycio, appium:automationName: UIAutomator2, appium:databaseEnabled: false, appium:desired: {app: C://Users//hp//Downloads//P..., automationName: UIAutomator2, deviceName: OPPO A9 2020, fullReset: false, ignoreHiddenApiPolicyError: true, noReset: true, platformName: ANDROID}, appium:deviceApiLevel: 30, appium:deviceManufacturer: OPPO, appium:deviceModel: CPH1937, appium:deviceName: 7cd884c5, appium:deviceScreenDensity: 320, appium:deviceScreenSize: 720x1600, appium:deviceUDID: 7cd884c5, appium:fullReset: false, appium:ignoreHiddenApiPolicyError: true, appium:javascriptEnabled: true, appium:locationContextEnabled: false, appium:networkConnectionEnabled: true, appium:noReset: true, appium:pixelRatio: 2, appium:platformVersion: 11, appium:statBarHeight: 64, appium:takesScreenshot: true, appium:viewportRect: {height: 1536, left: 0, top: 64, width: 720}, appium:warnings: {}, appium:webStorageEnabled: false, platformName: ANDROID}
Session ID: b6862f60-059b-418c-a1ab-5433e76bdcd0
Attempting to click on 'Upload Image of Issue'...
Failed to click 'Upload Image of Issue': An element could not be located on the page using the given search parameters.
For documentation on this error, please visit: https://www.selenium.dev/documentation/webdriver/troubleshooting/errors#no-such-element-exception
Build info: version: '4.31.0', revision: '1ef9f18787*'
System info: os.name: 'Windows 10', os.arch: 'amd64', os.version: '10.0', java.version: '23.0.2'
Driver info: io.appium.java_client.android.AndroidDriver
Command: [b6862f60-059b-418c-a1ab-5433e76bdcd0, findElement {value=Upload Image of Issue, using=accessibility id}]
Capabilities {appium:app: C://Users//hp//Downloads//P..., appium:appActivity: com.paycio.MainActivity, appium:appPackage: com.paycio, appium:automationName: UIAutomator2, appium:databaseEnabled: false, appium:desired: {app: C://Users//hp//Downloads//P..., automationName: UIAutomator2, deviceName: OPPO A9 2020, fullReset: false, ignoreHiddenApiPolicyError: true, noReset: true, platformName: ANDROID}, appium:deviceApiLevel: 30, appium:deviceManufacturer: OPPO, appium:deviceModel: CPH1937, appium:deviceName: 7cd884c5, appium:deviceScreenDensity: 320, appium:deviceScreenSize: 720x1600, appium:deviceUDID: 7cd884c5, appium:fullReset: false, appium:ignoreHiddenApiPolicyError: true, appium:javascriptEnabled: true, appium:locationContextEnabled: false, appium:networkConnectionEnabled: true, appium:noReset: true, appium:pixelRatio: 2, appium:platformVersion: 11, appium:statBarHeight: 64, appium:takesScreenshot: true, appium:viewportRect: {height: 1536, left: 0, top: 64, width: 720}, appium:warnings: {}, appium:webStorageEnabled: false, platformName: ANDROID}
Session ID: b6862f60-059b-418c-a1ab-5433e76bdcd0
Attempting to click on 'Choose from gallery'...
Failed to click 'Choose from gallery': An element could not be located on the page using the given search parameters.
For documentation on this error, please visit: https://www.selenium.dev/documentation/webdriver/troubleshooting/errors#no-such-element-exception
Build info: version: '4.31.0', revision: '1ef9f18787*'
System info: os.name: 'Windows 10', os.arch: 'amd64', os.version: '10.0', java.version: '23.0.2'
Driver info: io.appium.java_client.android.AndroidDriver
Command: [b6862f60-059b-418c-a1ab-5433e76bdcd0, findElement {value=//android.widget.TextView[@text='Choose from gallery'], using=xpath}]
Capabilities {appium:app: C://Users//hp//Downloads//P..., appium:appActivity: com.paycio.MainActivity, appium:appPackage: com.paycio, appium:automationName: UIAutomator2, appium:databaseEnabled: false, appium:desired: {app: C://Users//hp//Downloads//P..., automationName: UIAutomator2, deviceName: OPPO A9 2020, fullReset: false, ignoreHiddenApiPolicyError: true, noReset: true, platformName: ANDROID}, appium:deviceApiLevel: 30, appium:deviceManufacturer: OPPO, appium:deviceModel: CPH1937, appium:deviceName: 7cd884c5, appium:deviceScreenDensity: 320, appium:deviceScreenSize: 720x1600, appium:deviceUDID: 7cd884c5, appium:fullReset: false, appium:ignoreHiddenApiPolicyError: true, appium:javascriptEnabled: true, appium:locationContextEnabled: false, appium:networkConnectionEnabled: true, appium:noReset: true, appium:pixelRatio: 2, appium:platformVersion: 11, appium:statBarHeight: 64, appium:takesScreenshot: true, appium:viewportRect: {height: 1536, left: 0, top: 64, width: 720}, appium:warnings: {}, appium:webStorageEnabled: false, platformName: ANDROID}
Session ID: b6862f60-059b-418c-a1ab-5433e76bdcd0
Attempting to click on the first image thumbnail...
Failed to click the first image thumbnail: An element could not be located on the page using the given search parameters.
For documentation on this error, please visit: https://www.selenium.dev/documentation/webdriver/troubleshooting/errors#no-such-element-exception
Build info: version: '4.31.0', revision: '1ef9f18787*'
System info: os.name: 'Windows 10', os.arch: 'amd64', os.version: '10.0', java.version: '23.0.2'
Driver info: io.appium.java_client.android.AndroidDriver
Command: [b6862f60-059b-418c-a1ab-5433e76bdcd0, findElement {value=(//android.widget.ImageView[@resource-id='com.google.android.providers.media.module:id/icon_thumbnail'])[1], using=xpath}]
Capabilities {appium:app: C://Users//hp//Downloads//P..., appium:appActivity: com.paycio.MainActivity, appium:appPackage: com.paycio, appium:automationName: UIAutomator2, appium:databaseEnabled: false, appium:desired: {app: C://Users//hp//Downloads//P..., automationName: UIAutomator2, deviceName: OPPO A9 2020, fullReset: false, ignoreHiddenApiPolicyError: true, noReset: true, platformName: ANDROID}, appium:deviceApiLevel: 30, appium:deviceManufacturer: OPPO, appium:deviceModel: CPH1937, appium:deviceName: 7cd884c5, appium:deviceScreenDensity: 320, appium:deviceScreenSize: 720x1600, appium:deviceUDID: 7cd884c5, appium:fullReset: false, appium:ignoreHiddenApiPolicyError: true, appium:javascriptEnabled: true, appium:locationContextEnabled: false, appium:networkConnectionEnabled: true, appium:noReset: true, appium:pixelRatio: 2, appium:platformVersion: 11, appium:statBarHeight: 64, appium:takesScreenshot: true, appium:viewportRect: {height: 1536, left: 0, top: 64, width: 720}, appium:warnings: {}, appium:webStorageEnabled: false, platformName: ANDROID}
Session ID: b6862f60-059b-418c-a1ab-5433e76bdcd0
Attempting to click on the 'Submit' button...
Failed to click the 'Submit' button: An element could not be located on the page using the given search parameters.
For documentation on this error, please visit: https://www.selenium.dev/documentation/webdriver/troubleshooting/errors#no-such-element-exception
Build info: version: '4.31.0', revision: '1ef9f18787*'
System info: os.name: 'Windows 10', os.arch: 'amd64', os.version: '10.0', java.version: '23.0.2'
Driver info: io.appium.java_client.android.AndroidDriver
Command: [b6862f60-059b-418c-a1ab-5433e76bdcd0, findElement {value=Submit, using=accessibility id}]
Capabilities {appium:app: C://Users//hp//Downloads//P..., appium:appActivity: com.paycio.MainActivity, appium:appPackage: com.paycio, appium:automationName: UIAutomator2, appium:databaseEnabled: false, appium:desired: {app: C://Users//hp//Downloads//P..., automationName: UIAutomator2, deviceName: OPPO A9 2020, fullReset: false, ignoreHiddenApiPolicyError: true, noReset: true, platformName: ANDROID}, appium:deviceApiLevel: 30, appium:deviceManufacturer: OPPO, appium:deviceModel: CPH1937, appium:deviceName: 7cd884c5, appium:deviceScreenDensity: 320, appium:deviceScreenSize: 720x1600, appium:deviceUDID: 7cd884c5, appium:fullReset: false, appium:ignoreHiddenApiPolicyError: true, appium:javascriptEnabled: true, appium:locationContextEnabled: false, appium:networkConnectionEnabled: true, appium:noReset: true, appium:pixelRatio: 2, appium:platformVersion: 11, appium:statBarHeight: 64, appium:takesScreenshot: true, appium:viewportRect: {height: 1536, left: 0, top: 64, width: 720}, appium:warnings: {}, appium:webStorageEnabled: false, platformName: ANDROID}
Session ID: b6862f60-059b-418c-a1ab-5433e76bdcd0
Attempting to capture a screenshot of ImageView...
Failed to capture screenshot of ImageView: screenshots\ImageView_screenshot.png
📷 Screenshot [PASS]: <a href='test-output/screenshots/Raise_A_Ticket_Scenario_Personal_PASS_20250417_183821.png'>View</a>]]>
    </system-out>
  </testcase> <!-- Raise_A_Ticket_Scenario_Personal -->
  <system-out>
    <![CDATA[Found the 'Plus' icon. Proceeding to click on it.
Successfully clicked on the 'Plus' icon.
Trying to click on 'Select issue category'...
Failed to click 'Select issue category': An element could not be located on the page using the given search parameters.
For documentation on this error, please visit: https://www.selenium.dev/documentation/webdriver/troubleshooting/errors#no-such-element-exception
Build info: version: '4.31.0', revision: '1ef9f18787*'
System info: os.name: 'Windows 10', os.arch: 'amd64', os.version: '10.0', java.version: '23.0.2'
Driver info: io.appium.java_client.android.AndroidDriver
Command: [b6862f60-059b-418c-a1ab-5433e76bdcd0, findElement {value=Select issue category, using=accessibility id}]
Capabilities {appium:app: C://Users//hp//Downloads//P..., appium:appActivity: com.paycio.MainActivity, appium:appPackage: com.paycio, appium:automationName: UIAutomator2, appium:databaseEnabled: false, appium:desired: {app: C://Users//hp//Downloads//P..., automationName: UIAutomator2, deviceName: OPPO A9 2020, fullReset: false, ignoreHiddenApiPolicyError: true, noReset: true, platformName: ANDROID}, appium:deviceApiLevel: 30, appium:deviceManufacturer: OPPO, appium:deviceModel: CPH1937, appium:deviceName: 7cd884c5, appium:deviceScreenDensity: 320, appium:deviceScreenSize: 720x1600, appium:deviceUDID: 7cd884c5, appium:fullReset: false, appium:ignoreHiddenApiPolicyError: true, appium:javascriptEnabled: true, appium:locationContextEnabled: false, appium:networkConnectionEnabled: true, appium:noReset: true, appium:pixelRatio: 2, appium:platformVersion: 11, appium:statBarHeight: 64, appium:takesScreenshot: true, appium:viewportRect: {height: 1536, left: 0, top: 64, width: 720}, appium:warnings: {}, appium:webStorageEnabled: false, platformName: ANDROID}
Session ID: b6862f60-059b-418c-a1ab-5433e76bdcd0
Attempting to click the 'Deposit issue' icon...
Failed to click 'Deposit issue' icon: An element could not be located on the page using the given search parameters.
For documentation on this error, please visit: https://www.selenium.dev/documentation/webdriver/troubleshooting/errors#no-such-element-exception
Build info: version: '4.31.0', revision: '1ef9f18787*'
System info: os.name: 'Windows 10', os.arch: 'amd64', os.version: '10.0', java.version: '23.0.2'
Driver info: io.appium.java_client.android.AndroidDriver
Command: [b6862f60-059b-418c-a1ab-5433e76bdcd0, findElement {value=//android.view.ViewGroup[@content-desc='Deposit issue']/android.view.ViewGroup/android.widget.ImageView, using=xpath}]
Capabilities {appium:app: C://Users//hp//Downloads//P..., appium:appActivity: com.paycio.MainActivity, appium:appPackage: com.paycio, appium:automationName: UIAutomator2, appium:databaseEnabled: false, appium:desired: {app: C://Users//hp//Downloads//P..., automationName: UIAutomator2, deviceName: OPPO A9 2020, fullReset: false, ignoreHiddenApiPolicyError: true, noReset: true, platformName: ANDROID}, appium:deviceApiLevel: 30, appium:deviceManufacturer: OPPO, appium:deviceModel: CPH1937, appium:deviceName: 7cd884c5, appium:deviceScreenDensity: 320, appium:deviceScreenSize: 720x1600, appium:deviceUDID: 7cd884c5, appium:fullReset: false, appium:ignoreHiddenApiPolicyError: true, appium:javascriptEnabled: true, appium:locationContextEnabled: false, appium:networkConnectionEnabled: true, appium:noReset: true, appium:pixelRatio: 2, appium:platformVersion: 11, appium:statBarHeight: 64, appium:takesScreenshot: true, appium:viewportRect: {height: 1536, left: 0, top: 64, width: 720}, appium:warnings: {}, appium:webStorageEnabled: false, platformName: ANDROID}
Session ID: b6862f60-059b-418c-a1ab-5433e76bdcd0
Attempting to click the 'Confirm' button...
Failed to click 'Confirm' button: An element could not be located on the page using the given search parameters.
For documentation on this error, please visit: https://www.selenium.dev/documentation/webdriver/troubleshooting/errors#no-such-element-exception
Build info: version: '4.31.0', revision: '1ef9f18787*'
System info: os.name: 'Windows 10', os.arch: 'amd64', os.version: '10.0', java.version: '23.0.2'
Driver info: io.appium.java_client.android.AndroidDriver
Command: [b6862f60-059b-418c-a1ab-5433e76bdcd0, findElement {value=//android.widget.TextView[@text='Confirm'], using=xpath}]
Capabilities {appium:app: C://Users//hp//Downloads//P..., appium:appActivity: com.paycio.MainActivity, appium:appPackage: com.paycio, appium:automationName: UIAutomator2, appium:databaseEnabled: false, appium:desired: {app: C://Users//hp//Downloads//P..., automationName: UIAutomator2, deviceName: OPPO A9 2020, fullReset: false, ignoreHiddenApiPolicyError: true, noReset: true, platformName: ANDROID}, appium:deviceApiLevel: 30, appium:deviceManufacturer: OPPO, appium:deviceModel: CPH1937, appium:deviceName: 7cd884c5, appium:deviceScreenDensity: 320, appium:deviceScreenSize: 720x1600, appium:deviceUDID: 7cd884c5, appium:fullReset: false, appium:ignoreHiddenApiPolicyError: true, appium:javascriptEnabled: true, appium:locationContextEnabled: false, appium:networkConnectionEnabled: true, appium:noReset: true, appium:pixelRatio: 2, appium:platformVersion: 11, appium:statBarHeight: 64, appium:takesScreenshot: true, appium:viewportRect: {height: 1536, left: 0, top: 64, width: 720}, appium:warnings: {}, appium:webStorageEnabled: false, platformName: ANDROID}
Session ID: b6862f60-059b-418c-a1ab-5433e76bdcd0
Attempting to enter text into the query field...
Failed to enter text into the query field: An element could not be located on the page using the given search parameters.
For documentation on this error, please visit: https://www.selenium.dev/documentation/webdriver/troubleshooting/errors#no-such-element-exception
Build info: version: '4.31.0', revision: '1ef9f18787*'
System info: os.name: 'Windows 10', os.arch: 'amd64', os.version: '10.0', java.version: '23.0.2'
Driver info: io.appium.java_client.android.AndroidDriver
Command: [b6862f60-059b-418c-a1ab-5433e76bdcd0, findElement {value=//android.widget.EditText[@hint='Enter your query here...'], using=xpath}]
Capabilities {appium:app: C://Users//hp//Downloads//P..., appium:appActivity: com.paycio.MainActivity, appium:appPackage: com.paycio, appium:automationName: UIAutomator2, appium:databaseEnabled: false, appium:desired: {app: C://Users//hp//Downloads//P..., automationName: UIAutomator2, deviceName: OPPO A9 2020, fullReset: false, ignoreHiddenApiPolicyError: true, noReset: true, platformName: ANDROID}, appium:deviceApiLevel: 30, appium:deviceManufacturer: OPPO, appium:deviceModel: CPH1937, appium:deviceName: 7cd884c5, appium:deviceScreenDensity: 320, appium:deviceScreenSize: 720x1600, appium:deviceUDID: 7cd884c5, appium:fullReset: false, appium:ignoreHiddenApiPolicyError: true, appium:javascriptEnabled: true, appium:locationContextEnabled: false, appium:networkConnectionEnabled: true, appium:noReset: true, appium:pixelRatio: 2, appium:platformVersion: 11, appium:statBarHeight: 64, appium:takesScreenshot: true, appium:viewportRect: {height: 1536, left: 0, top: 64, width: 720}, appium:warnings: {}, appium:webStorageEnabled: false, platformName: ANDROID}
Session ID: b6862f60-059b-418c-a1ab-5433e76bdcd0
Attempting to click on 'Upload Image of Issue'...
Failed to click 'Upload Image of Issue': An element could not be located on the page using the given search parameters.
For documentation on this error, please visit: https://www.selenium.dev/documentation/webdriver/troubleshooting/errors#no-such-element-exception
Build info: version: '4.31.0', revision: '1ef9f18787*'
System info: os.name: 'Windows 10', os.arch: 'amd64', os.version: '10.0', java.version: '23.0.2'
Driver info: io.appium.java_client.android.AndroidDriver
Command: [b6862f60-059b-418c-a1ab-5433e76bdcd0, findElement {value=Upload Image of Issue, using=accessibility id}]
Capabilities {appium:app: C://Users//hp//Downloads//P..., appium:appActivity: com.paycio.MainActivity, appium:appPackage: com.paycio, appium:automationName: UIAutomator2, appium:databaseEnabled: false, appium:desired: {app: C://Users//hp//Downloads//P..., automationName: UIAutomator2, deviceName: OPPO A9 2020, fullReset: false, ignoreHiddenApiPolicyError: true, noReset: true, platformName: ANDROID}, appium:deviceApiLevel: 30, appium:deviceManufacturer: OPPO, appium:deviceModel: CPH1937, appium:deviceName: 7cd884c5, appium:deviceScreenDensity: 320, appium:deviceScreenSize: 720x1600, appium:deviceUDID: 7cd884c5, appium:fullReset: false, appium:ignoreHiddenApiPolicyError: true, appium:javascriptEnabled: true, appium:locationContextEnabled: false, appium:networkConnectionEnabled: true, appium:noReset: true, appium:pixelRatio: 2, appium:platformVersion: 11, appium:statBarHeight: 64, appium:takesScreenshot: true, appium:viewportRect: {height: 1536, left: 0, top: 64, width: 720}, appium:warnings: {}, appium:webStorageEnabled: false, platformName: ANDROID}
Session ID: b6862f60-059b-418c-a1ab-5433e76bdcd0
Attempting to click on 'Choose from gallery'...
Failed to click 'Choose from gallery': An element could not be located on the page using the given search parameters.
For documentation on this error, please visit: https://www.selenium.dev/documentation/webdriver/troubleshooting/errors#no-such-element-exception
Build info: version: '4.31.0', revision: '1ef9f18787*'
System info: os.name: 'Windows 10', os.arch: 'amd64', os.version: '10.0', java.version: '23.0.2'
Driver info: io.appium.java_client.android.AndroidDriver
Command: [b6862f60-059b-418c-a1ab-5433e76bdcd0, findElement {value=//android.widget.TextView[@text='Choose from gallery'], using=xpath}]
Capabilities {appium:app: C://Users//hp//Downloads//P..., appium:appActivity: com.paycio.MainActivity, appium:appPackage: com.paycio, appium:automationName: UIAutomator2, appium:databaseEnabled: false, appium:desired: {app: C://Users//hp//Downloads//P..., automationName: UIAutomator2, deviceName: OPPO A9 2020, fullReset: false, ignoreHiddenApiPolicyError: true, noReset: true, platformName: ANDROID}, appium:deviceApiLevel: 30, appium:deviceManufacturer: OPPO, appium:deviceModel: CPH1937, appium:deviceName: 7cd884c5, appium:deviceScreenDensity: 320, appium:deviceScreenSize: 720x1600, appium:deviceUDID: 7cd884c5, appium:fullReset: false, appium:ignoreHiddenApiPolicyError: true, appium:javascriptEnabled: true, appium:locationContextEnabled: false, appium:networkConnectionEnabled: true, appium:noReset: true, appium:pixelRatio: 2, appium:platformVersion: 11, appium:statBarHeight: 64, appium:takesScreenshot: true, appium:viewportRect: {height: 1536, left: 0, top: 64, width: 720}, appium:warnings: {}, appium:webStorageEnabled: false, platformName: ANDROID}
Session ID: b6862f60-059b-418c-a1ab-5433e76bdcd0
Attempting to click on the first image thumbnail...
Failed to click the first image thumbnail: An element could not be located on the page using the given search parameters.
For documentation on this error, please visit: https://www.selenium.dev/documentation/webdriver/troubleshooting/errors#no-such-element-exception
Build info: version: '4.31.0', revision: '1ef9f18787*'
System info: os.name: 'Windows 10', os.arch: 'amd64', os.version: '10.0', java.version: '23.0.2'
Driver info: io.appium.java_client.android.AndroidDriver
Command: [b6862f60-059b-418c-a1ab-5433e76bdcd0, findElement {value=(//android.widget.ImageView[@resource-id='com.google.android.providers.media.module:id/icon_thumbnail'])[1], using=xpath}]
Capabilities {appium:app: C://Users//hp//Downloads//P..., appium:appActivity: com.paycio.MainActivity, appium:appPackage: com.paycio, appium:automationName: UIAutomator2, appium:databaseEnabled: false, appium:desired: {app: C://Users//hp//Downloads//P..., automationName: UIAutomator2, deviceName: OPPO A9 2020, fullReset: false, ignoreHiddenApiPolicyError: true, noReset: true, platformName: ANDROID}, appium:deviceApiLevel: 30, appium:deviceManufacturer: OPPO, appium:deviceModel: CPH1937, appium:deviceName: 7cd884c5, appium:deviceScreenDensity: 320, appium:deviceScreenSize: 720x1600, appium:deviceUDID: 7cd884c5, appium:fullReset: false, appium:ignoreHiddenApiPolicyError: true, appium:javascriptEnabled: true, appium:locationContextEnabled: false, appium:networkConnectionEnabled: true, appium:noReset: true, appium:pixelRatio: 2, appium:platformVersion: 11, appium:statBarHeight: 64, appium:takesScreenshot: true, appium:viewportRect: {height: 1536, left: 0, top: 64, width: 720}, appium:warnings: {}, appium:webStorageEnabled: false, platformName: ANDROID}
Session ID: b6862f60-059b-418c-a1ab-5433e76bdcd0
Attempting to click on the 'Submit' button...
Failed to click the 'Submit' button: An element could not be located on the page using the given search parameters.
For documentation on this error, please visit: https://www.selenium.dev/documentation/webdriver/troubleshooting/errors#no-such-element-exception
Build info: version: '4.31.0', revision: '1ef9f18787*'
System info: os.name: 'Windows 10', os.arch: 'amd64', os.version: '10.0', java.version: '23.0.2'
Driver info: io.appium.java_client.android.AndroidDriver
Command: [b6862f60-059b-418c-a1ab-5433e76bdcd0, findElement {value=Submit, using=accessibility id}]
Capabilities {appium:app: C://Users//hp//Downloads//P..., appium:appActivity: com.paycio.MainActivity, appium:appPackage: com.paycio, appium:automationName: UIAutomator2, appium:databaseEnabled: false, appium:desired: {app: C://Users//hp//Downloads//P..., automationName: UIAutomator2, deviceName: OPPO A9 2020, fullReset: false, ignoreHiddenApiPolicyError: true, noReset: true, platformName: ANDROID}, appium:deviceApiLevel: 30, appium:deviceManufacturer: OPPO, appium:deviceModel: CPH1937, appium:deviceName: 7cd884c5, appium:deviceScreenDensity: 320, appium:deviceScreenSize: 720x1600, appium:deviceUDID: 7cd884c5, appium:fullReset: false, appium:ignoreHiddenApiPolicyError: true, appium:javascriptEnabled: true, appium:locationContextEnabled: false, appium:networkConnectionEnabled: true, appium:noReset: true, appium:pixelRatio: 2, appium:platformVersion: 11, appium:statBarHeight: 64, appium:takesScreenshot: true, appium:viewportRect: {height: 1536, left: 0, top: 64, width: 720}, appium:warnings: {}, appium:webStorageEnabled: false, platformName: ANDROID}
Session ID: b6862f60-059b-418c-a1ab-5433e76bdcd0
Attempting to capture a screenshot of ImageView...
Failed to capture screenshot of ImageView: screenshots\ImageView_screenshot.png
📷 Screenshot [PASS]: <a href='test-output/screenshots/Raise_A_Ticket_Scenario_Personal_PASS_20250417_183821.png'>View</a>]]>
  </system-out>
</testsuite> <!-- Tests.RaiseATicketTest -->
